Using pre-set license
Built from '2020.3/staging' branch; Version is '2020.3.13f1 (71691879b7f5) revision 7432472'; Using compiler version '192528614'; Build Type 'Release'
OS: 'Windows 10 Pro; OS build 19042.1110; Version 2009; 64bit' Language: 'es' Physical Memory: 8191 MB
BatchMode: 1, IsHumanControllingUs: 0, StartBugReporterOnCrash: 0, Is64bit: 1, IsPro: 0

 COMMAND LINE ARGUMENTS:
C:\Program Files\Unity\Hub\Editor\2020.3.13f1\Editor\Unity.exe
-adb2
-batchMode
-noUpm
-name
AssetImportWorker0
-projectPath
C:/Users/uge/uwu1
-logFile
Logs/AssetImportWorker0.log
-srvPort
51342
Successfully changed project path to: C:/Users/uge/uwu1
C:/Users/uge/uwu1
Using Asset Import Pipeline V2.
Refreshing native plugins compatible for Editor in 228.51 ms, found 2 plugins.
Preloading 0 native plugins for Editor in 0.00 ms.
Initialize engine version: 2020.3.13f1 (71691879b7f5)
[Subsystems] Discovering subsystems at path C:/Program Files/Unity/Hub/Editor/2020.3.13f1/Editor/Data/Resources/UnitySubsystems
[Subsystems] Discovering subsystems at path C:/Users/uge/uwu1/Assets
GfxDevice: creating device client; threaded=0
Direct3D:
    Version:  Direct3D 11.0 [level 11.0]
    Renderer: NVIDIA GeForce GT 640 (ID=0xfc1)
    Vendor:   
    VRAM:     2007 MB
    Driver:   27.21.14.5671
Initialize mono
Mono path[0] = 'C:/Program Files/Unity/Hub/Editor/2020.3.13f1/Editor/Data/Managed'
Mono path[1] = 'C:/Program Files/Unity/Hub/Editor/2020.3.13f1/Editor/Data/MonoBleedingEdge/lib/mono/unityjit'
Mono config path = 'C:/Program Files/Unity/Hub/Editor/2020.3.13f1/Editor/Data/MonoBleedingEdge/etc'
Using monoOptions --debugger-agent=transport=dt_socket,embedding=1,server=y,suspend=n,address=127.0.0.1:56224
Begin MonoManager ReloadAssembly
Registering precompiled unity dll's ...
Register platform support module: C:/Program Files/Unity/Hub/Editor/2020.3.13f1/Editor/Data/PlaybackEngines/WindowsStandaloneSupport/UnityEditor.WindowsStandalone.Extensions.dll
Registered in 0.009141 seconds.
Native extension for WindowsStandalone target not found
Refreshing native plugins compatible for Editor in 76.87 ms, found 2 plugins.
Preloading 0 native plugins for Editor in 0.00 ms.
Mono: successfully reloaded assembly
- Completed reload, in  9.268 seconds
Platform modules already initialized, skipping
Registering precompiled user dll's ...
Registered in 0.037016 seconds.
Begin MonoManager ReloadAssembly
Native extension for WindowsStandalone target not found
Refreshing native plugins compatible for Editor in 1.11 ms, found 2 plugins.
Preloading 0 native plugins for Editor in 0.00 ms.
Mono: successfully reloaded assembly
- Completed reload, in  2.531 seconds
Platform modules already initialized, skipping
========================================================================
Worker process is ready to serve import requests
Launched and connected shader compiler UnityShaderCompiler.exe after 0.10 seconds
Refreshing native plugins compatible for Editor in 0.98 ms, found 2 plugins.
Preloading 0 native plugins for Editor in 0.00 ms.
Unloading 1392 Unused Serialized files (Serialized files now loaded: 0)
System memory in use before: 66.6 MB.
System memory in use after: 66.6 MB.

Unloading 19 unused Assets to reduce memory usage. Loaded Objects now: 1826.
Total: 4.440600 ms (FindLiveObjects: 0.370100 ms CreateObjectMapping: 0.088000 ms MarkObjects: 3.781700 ms  DeleteObjects: 0.197100 ms)

AssetImportParameters requested are different than current active one (requested -> active):
  custom:framework-win-MediaFoundation: 216162199b28c13a410421893ffa2e32 -> 
  custom:video-decoder-ogg-theora: a1e56fd34408186e4bbccfd4996cb3dc -> 
  custom:container-muxer-webm: aa71ff27fc2769a1b78a27578f13a17b -> 
  custom:container-demuxer-webm: 4f35f7cbe854078d1ac9338744f61a02 -> 
  custom:container-demuxer-ogg: 62fdf1f143b41e24485cea50d1cbac27 -> 
  custom:video-encoder-webm-vp8: eb34c28f22e8b96e1ab97ce403110664 -> 
  custom:video-codec-MediaFoundation-h265: 746d11721c4dcdbdad8f713fa42b33f4 -> 
  custom:video-decoder-webm-vp8: 9c59270c3fd7afecdb556c50c9e8de78 -> 
  custom:audio-decoder-ogg-vorbis: bf7c407c2cedff20999df2af8eb42d56 -> 
  custom:audio-encoder-webm-vorbis: bf7c407c2cedff20999df2af8eb42d56 -> 
========================================================================
Received Import Request.
  path: Assets/Assets descargados/Cartoon_Texture_Pack/ROOF
  artifactKey: Guid(edc3fad11e07c0242ba526a789dff0f2) Importer(815301076,1909f56bfc062723c751e8b465ee728b)
Start importing Assets/Assets descargados/Cartoon_Texture_Pack/ROOF using Guid(edc3fad11e07c0242ba526a789dff0f2) Importer(815301076,1909f56bfc062723c751e8b465ee728b)  -> (artifact id: '949d61fed9de87d6c42e81fb7ea86d4f') in 0.041832 seconds 
  Import took 0.048334 seconds .

========================================================================
Received Import Request.
  Time since last request: 2.405120 seconds.
  path: Assets/Assets descargados/Cartoon_Texture_Pack/ROOF/ROOF_Hay
  artifactKey: Guid(1ad61d1e41c01a94b99d36cf8b5409d2) Importer(815301076,1909f56bfc062723c751e8b465ee728b)
Start importing Assets/Assets descargados/Cartoon_Texture_Pack/ROOF/ROOF_Hay using Guid(1ad61d1e41c01a94b99d36cf8b5409d2) Importer(815301076,1909f56bfc062723c751e8b465ee728b)  -> (artifact id: '08e4adef790bf78b9da0cf4114add4b1') in 0.023869 seconds 
  Import took 0.033312 seconds .

========================================================================
Received Import Request.
  Time since last request: 0.905320 seconds.
  path: Assets/Assets descargados/Cartoon_Texture_Pack/ROOF/ROOF_Hay/Textures
  artifactKey: Guid(00d85ec8d946dc34baf14bb4a42d835c) Importer(815301076,1909f56bfc062723c751e8b465ee728b)
Start importing Assets/Assets descargados/Cartoon_Texture_Pack/ROOF/ROOF_Hay/Textures using Guid(00d85ec8d946dc34baf14bb4a42d835c) Importer(815301076,1909f56bfc062723c751e8b465ee728b)  -> (artifact id: '5c107de1829213a7ef0024f217e8dd3e') in 0.025413 seconds 
  Import took 0.032382 seconds .

========================================================================
Received Import Request.
  Time since last request: 10.320625 seconds.
  path: Assets/Assets descargados/Cartoon_Texture_Pack/WOOD
  artifactKey: Guid(db9e52cdd54b94140aa1e11388ee6864) Importer(815301076,1909f56bfc062723c751e8b465ee728b)
Start importing Assets/Assets descargados/Cartoon_Texture_Pack/WOOD using Guid(db9e52cdd54b94140aa1e11388ee6864) Importer(815301076,1909f56bfc062723c751e8b465ee728b)  -> (artifact id: 'c90410b6e1d1a630f3b542131677d7f5') in 0.023921 seconds 
  Import took 0.032080 seconds .

========================================================================
Received Import Request.
  Time since last request: 1.051283 seconds.
  path: Assets/Assets descargados/Cartoon_Texture_Pack/WOOD/WOOD_Plain
  artifactKey: Guid(f7e35fe3db7b02245ba9f5353567f6cb) Importer(815301076,1909f56bfc062723c751e8b465ee728b)
Start importing Assets/Assets descargados/Cartoon_Texture_Pack/WOOD/WOOD_Plain using Guid(f7e35fe3db7b02245ba9f5353567f6cb) Importer(815301076,1909f56bfc062723c751e8b465ee728b)  -> (artifact id: '9fb5d5b51b6c76c5aabacb2dd83d3c3a') in 0.019780 seconds 
  Import took 0.026134 seconds .

========================================================================
Received Import Request.
  Time since last request: 0.882481 seconds.
  path: Assets/Assets descargados/Cartoon_Texture_Pack/WOOD/WOOD_Plain/Materials
  artifactKey: Guid(604918ad4a65d1743983ec55274618f7) Importer(815301076,1909f56bfc062723c751e8b465ee728b)
Start importing Assets/Assets descargados/Cartoon_Texture_Pack/WOOD/WOOD_Plain/Materials using Guid(604918ad4a65d1743983ec55274618f7) Importer(815301076,1909f56bfc062723c751e8b465ee728b)  -> (artifact id: 'a4b7a821a20da84aeb76502b8a368665') in 0.020509 seconds 
  Import took 0.028262 seconds .

========================================================================
Received Import Request.
  Time since last request: 3.421826 seconds.
  path: Assets/Assets descargados/Cartoon_Texture_Pack/WOOD/WOOD_Plain/Textures
  artifactKey: Guid(c0b2252849ada0c48b8e75725eb2e822) Importer(815301076,1909f56bfc062723c751e8b465ee728b)
Start importing Assets/Assets descargados/Cartoon_Texture_Pack/WOOD/WOOD_Plain/Textures using Guid(c0b2252849ada0c48b8e75725eb2e822) Importer(815301076,1909f56bfc062723c751e8b465ee728b)  -> (artifact id: 'f664cd3efb39f5c21617beecc08d22f3') in 0.010391 seconds 
  Import took 0.018940 seconds .

========================================================================
Received Import Request.
  Time since last request: 0.001473 seconds.
  path: Assets/Assets descargados/Cartoon_Texture_Pack/WOOD/WOOD_Plain/Textures
  artifactKey: Guid(c0b2252849ada0c48b8e75725eb2e822) Importer(815301076,1909f56bfc062723c751e8b465ee728b)
Start importing Assets/Assets descargados/Cartoon_Texture_Pack/WOOD/WOOD_Plain/Textures using Guid(c0b2252849ada0c48b8e75725eb2e822) Importer(815301076,1909f56bfc062723c751e8b465ee728b)  -> (artifact id: 'f664cd3efb39f5c21617beecc08d22f3') in 0.007987 seconds 
  Import took 0.016428 seconds .

========================================================================
Received Import Request.
  Time since last request: 10.534978 seconds.
  path: Assets/Assets descargados/Cartoon_Texture_Pack/WALLS
  artifactKey: Guid(682068d913e867d448c585ad5cbef6e6) Importer(815301076,1909f56bfc062723c751e8b465ee728b)
Start importing Assets/Assets descargados/Cartoon_Texture_Pack/WALLS using Guid(682068d913e867d448c585ad5cbef6e6) Importer(815301076,1909f56bfc062723c751e8b465ee728b)  -> (artifact id: 'dcb95bdbd65006ac1bb3a86514995896') in 0.024453 seconds 
  Import took 0.031527 seconds .

========================================================================
Received Import Request.
  Time since last request: 1.024429 seconds.
  path: Assets/Assets descargados/Cartoon_Texture_Pack/WALLS/WALL_Stone
  artifactKey: Guid(88a6f02d80e67cf4b8f07c47093e6167) Importer(815301076,1909f56bfc062723c751e8b465ee728b)
Start importing Assets/Assets descargados/Cartoon_Texture_Pack/WALLS/WALL_Stone using Guid(88a6f02d80e67cf4b8f07c47093e6167) Importer(815301076,1909f56bfc062723c751e8b465ee728b)  -> (artifact id: 'ab8e82f567c248a0f0dc5f1c0d8e53b4') in 0.025119 seconds 
  Import took 0.032668 seconds .

========================================================================
Received Import Request.
  Time since last request: 0.763263 seconds.
  path: Assets/Assets descargados/Cartoon_Texture_Pack/WALLS/WALL_Stone/Textures
  artifactKey: Guid(0c3ce5f75d9f0ed419c1257d6e090351) Importer(815301076,1909f56bfc062723c751e8b465ee728b)
Start importing Assets/Assets descargados/Cartoon_Texture_Pack/WALLS/WALL_Stone/Textures using Guid(0c3ce5f75d9f0ed419c1257d6e090351) Importer(815301076,1909f56bfc062723c751e8b465ee728b)  -> (artifact id: '0608ec7fb90b833bfe0397b993274118') in 0.010419 seconds 
  Import took 0.016532 seconds .

========================================================================
Received Import Request.
  Time since last request: 5.880238 seconds.
  path: Assets/Assets descargados/Cartoon_Texture_Pack/SAND
  artifactKey: Guid(60f5891069bad284fb969cddff4bd6b1) Importer(815301076,1909f56bfc062723c751e8b465ee728b)
Start importing Assets/Assets descargados/Cartoon_Texture_Pack/SAND using Guid(60f5891069bad284fb969cddff4bd6b1) Importer(815301076,1909f56bfc062723c751e8b465ee728b)  -> (artifact id: '1b0e3df1d216d14c74ef894d0e9e5148') in 0.024399 seconds 
  Import took 0.031860 seconds .

========================================================================
Received Import Request.
  Time since last request: 1.962776 seconds.
  path: Assets/Assets descargados/Cartoon_Texture_Pack/SAND/SAND_Underwater
  artifactKey: Guid(19ac9f0907c33d9409fb5e6924b43e36) Importer(815301076,1909f56bfc062723c751e8b465ee728b)
Start importing Assets/Assets descargados/Cartoon_Texture_Pack/SAND/SAND_Underwater using Guid(19ac9f0907c33d9409fb5e6924b43e36) Importer(815301076,1909f56bfc062723c751e8b465ee728b)  -> (artifact id: '0fd33a98ffbc07d84b153f3d02734bba') in 0.028242 seconds 
  Import took 0.036269 seconds .

========================================================================
Received Import Request.
  Time since last request: 3.425743 seconds.
  path: Assets/Assets descargados/Cartoon_Texture_Pack/SAND/SAND_Underwater/Textures
  artifactKey: Guid(8c88a1093caec6045a6a580789b7353a) Importer(815301076,1909f56bfc062723c751e8b465ee728b)
Start importing Assets/Assets descargados/Cartoon_Texture_Pack/SAND/SAND_Underwater/Textures using Guid(8c88a1093caec6045a6a580789b7353a) Importer(815301076,1909f56bfc062723c751e8b465ee728b)  -> (artifact id: 'a8ef63cdb92cc46e355a15375de49599') in 0.020660 seconds 
  Import took 0.027738 seconds .

========================================================================
Received Import Request.
  Time since last request: 760.449392 seconds.
  path: Assets/Assets descargados/Cartoon_Texture_Pack/SAND/SAND_Underwater/Textures/Sand_Underwater_Shell_height.png
  artifactKey: Guid(2b0c96194bde5894daac68b584fbed55) Importer(815301076,1909f56bfc062723c751e8b465ee728b)
Start importing Assets/Assets descargados/Cartoon_Texture_Pack/SAND/SAND_Underwater/Textures/Sand_Underwater_Shell_height.png using Guid(2b0c96194bde5894daac68b584fbed55) Importer(815301076,1909f56bfc062723c751e8b465ee728b)  -> (artifact id: 'c3a517d345e7a72d799ef22b504ddedc') in 0.254115 seconds 
  Import took 0.261341 seconds .

========================================================================
Received Import Request.
  Time since last request: 47.114834 seconds.
  path: Assets/Assets descargados/Cartoon_Texture_Pack/SAND/SAND_Underwater/Textures/Sand_Underwater_Base_Basecolor.png
  artifactKey: Guid(29cf16dcfaae11f46bccf7ae069faa60) Importer(815301076,1909f56bfc062723c751e8b465ee728b)
Start importing Assets/Assets descargados/Cartoon_Texture_Pack/SAND/SAND_Underwater/Textures/Sand_Underwater_Base_Basecolor.png using Guid(29cf16dcfaae11f46bccf7ae069faa60) Importer(815301076,1909f56bfc062723c751e8b465ee728b)  -> (artifact id: '39c7bc02b356527ed8490cae365ea2d4') in 0.071568 seconds 
  Import took 0.078347 seconds .

========================================================================
Received Import Request.
  Time since last request: 28.993369 seconds.
  path: Assets/Assets descargados/Cartoon_Texture_Pack/SAND/SAND_Underwater/Textures/Sand_Underwater_Base_Normal.png
  artifactKey: Guid(c9c6502f04436f6419d8cd534d9e17c3) Importer(815301076,1909f56bfc062723c751e8b465ee728b)
Start importing Assets/Assets descargados/Cartoon_Texture_Pack/SAND/SAND_Underwater/Textures/Sand_Underwater_Base_Normal.png using Guid(c9c6502f04436f6419d8cd534d9e17c3) Importer(815301076,1909f56bfc062723c751e8b465ee728b)  -> (artifact id: '78599c4768caa8213168bcb0b33dbfe0') in 0.141269 seconds 
  Import took 0.147447 seconds .

========================================================================
Received Import Request.
  Time since last request: 117.988264 seconds.
  path: Assets/Scenes/Nivel1.unity
  artifactKey: Guid(9cd3306ab0907e44b8b994399963a70e) Importer(815301076,1909f56bfc062723c751e8b465ee728b)
Start importing Assets/Scenes/Nivel1.unity using Guid(9cd3306ab0907e44b8b994399963a70e) Importer(815301076,1909f56bfc062723c751e8b465ee728b)  -> (artifact id: '3df13fa7d7768c832d4532ecb6156ea1') in 0.035371 seconds 
  Import took 0.048941 seconds .

========================================================================
Received Import Request.
  Time since last request: 236.409472 seconds.
  path: Assets/Scenes/Nivel2-Terreno.unity
  artifactKey: Guid(ad4f33c1056c1f542b9babb684bffa50) Importer(815301076,1909f56bfc062723c751e8b465ee728b)
Start importing Assets/Scenes/Nivel2-Terreno.unity using Guid(ad4f33c1056c1f542b9babb684bffa50) Importer(815301076,1909f56bfc062723c751e8b465ee728b)  -> (artifact id: '054a454d0fc4f3457d5a66243dc49f41') in 0.038445 seconds 
  Import took 0.047764 seconds .

========================================================================
Received Import Request.
  Time since last request: 38.126638 seconds.
  path: Assets/Scenes/Nivel1.unity
  artifactKey: Guid(9cd3306ab0907e44b8b994399963a70e) Importer(815301076,1909f56bfc062723c751e8b465ee728b)
Start importing Assets/Scenes/Nivel1.unity using Guid(9cd3306ab0907e44b8b994399963a70e) Importer(815301076,1909f56bfc062723c751e8b465ee728b)  -> (artifact id: '058fc8751737e33422bf09cf274d92e6') in 0.009820 seconds 
  Import took 0.020558 seconds .

========================================================================
Received Import Request.
  Time since last request: 0.002492 seconds.
  path: Assets/Scenes/Nivel1.unity
  artifactKey: Guid(9cd3306ab0907e44b8b994399963a70e) Importer(815301076,1909f56bfc062723c751e8b465ee728b)
Start importing Assets/Scenes/Nivel1.unity using Guid(9cd3306ab0907e44b8b994399963a70e) Importer(815301076,1909f56bfc062723c751e8b465ee728b)  -> (artifact id: '058fc8751737e33422bf09cf274d92e6') in 0.009454 seconds 
  Import took 0.015029 seconds .

========================================================================
Received Prepare
Registering precompiled user dll's ...
Registered in 0.025322 seconds.
Begin MonoManager ReloadAssembly
Native extension for WindowsStandalone target not found
Refreshing native plugins compatible for Editor in 1.30 ms, found 2 plugins.
Preloading 0 native plugins for Editor in 0.00 ms.
Mono: successfully reloaded assembly
- Completed reload, in  3.436 seconds
Platform modules already initialized, skipping
Refreshing native plugins compatible for Editor in 0.78 ms, found 2 plugins.
Preloading 0 native plugins for Editor in 0.00 ms.
Unloading 1387 Unused Serialized files (Serialized files now loaded: 0)
System memory in use before: 69.6 MB.
System memory in use after: 69.7 MB.

Unloading 14 unused Assets to reduce memory usage. Loaded Objects now: 1834.
Total: 5.645900 ms (FindLiveObjects: 0.452800 ms CreateObjectMapping: 0.107400 ms MarkObjects: 4.867400 ms  DeleteObjects: 0.214500 ms)

AssetImportParameters requested are different than current active one (requested -> active):
  custom:framework-win-MediaFoundation: 216162199b28c13a410421893ffa2e32 -> 
  custom:video-decoder-ogg-theora: a1e56fd34408186e4bbccfd4996cb3dc -> 
  custom:container-muxer-webm: aa71ff27fc2769a1b78a27578f13a17b -> 
  custom:container-demuxer-webm: 4f35f7cbe854078d1ac9338744f61a02 -> 
  custom:container-demuxer-ogg: 62fdf1f143b41e24485cea50d1cbac27 -> 
  custom:video-encoder-webm-vp8: eb34c28f22e8b96e1ab97ce403110664 -> 
  custom:video-codec-MediaFoundation-h265: 746d11721c4dcdbdad8f713fa42b33f4 -> 
  custom:video-decoder-webm-vp8: 9c59270c3fd7afecdb556c50c9e8de78 -> 
  custom:audio-decoder-ogg-vorbis: bf7c407c2cedff20999df2af8eb42d56 -> 
  custom:audio-encoder-webm-vorbis: bf7c407c2cedff20999df2af8eb42d56 -> 
========================================================================
Received Prepare
Registering precompiled user dll's ...
Registered in 0.263647 seconds.
Begin MonoManager ReloadAssembly
Native extension for WindowsStandalone target not found
Refreshing native plugins compatible for Editor in 0.73 ms, found 2 plugins.
Preloading 0 native plugins for Editor in 0.00 ms.
Mono: successfully reloaded assembly
- Completed reload, in  2.539 seconds
Platform modules already initialized, skipping
Refreshing native plugins compatible for Editor in 0.71 ms, found 2 plugins.
Preloading 0 native plugins for Editor in 0.00 ms.
Unloading 1387 Unused Serialized files (Serialized files now loaded: 0)
System memory in use before: 69.7 MB.
System memory in use after: 69.7 MB.

Unloading 14 unused Assets to reduce memory usage. Loaded Objects now: 1837.
Total: 5.802800 ms (FindLiveObjects: 0.335900 ms CreateObjectMapping: 0.073800 ms MarkObjects: 5.243200 ms  DeleteObjects: 0.141400 ms)

AssetImportParameters requested are different than current active one (requested -> active):
  custom:framework-win-MediaFoundation: 216162199b28c13a410421893ffa2e32 -> 
  custom:video-decoder-ogg-theora: a1e56fd34408186e4bbccfd4996cb3dc -> 
  custom:container-muxer-webm: aa71ff27fc2769a1b78a27578f13a17b -> 
  custom:container-demuxer-webm: 4f35f7cbe854078d1ac9338744f61a02 -> 
  custom:container-demuxer-ogg: 62fdf1f143b41e24485cea50d1cbac27 -> 
  custom:video-encoder-webm-vp8: eb34c28f22e8b96e1ab97ce403110664 -> 
  custom:video-codec-MediaFoundation-h265: 746d11721c4dcdbdad8f713fa42b33f4 -> 
  custom:video-decoder-webm-vp8: 9c59270c3fd7afecdb556c50c9e8de78 -> 
  custom:audio-decoder-ogg-vorbis: bf7c407c2cedff20999df2af8eb42d56 -> 
  custom:audio-encoder-webm-vorbis: bf7c407c2cedff20999df2af8eb42d56 -> 
========================================================================
Received Import Request.
  Time since last request: 60726.798211 seconds.
  path: Assets/Assets descargados/Cartoon_Texture_Pack/ROCKS/ROCKS_Volcanic/Textures/Rock_Volcanic_B_Basecolor.png
  artifactKey: Guid(851df1e5bd5100d4cb745a2dfcb4e46e) Importer(815301076,1909f56bfc062723c751e8b465ee728b)
Start importing Assets/Assets descargados/Cartoon_Texture_Pack/ROCKS/ROCKS_Volcanic/Textures/Rock_Volcanic_B_Basecolor.png using Guid(851df1e5bd5100d4cb745a2dfcb4e46e) Importer(815301076,1909f56bfc062723c751e8b465ee728b)  -> (artifact id: '5a7d69cff8967eda7361eb3bb5aaa782') in 0.434801 seconds 
  Import took 0.450318 seconds .

========================================================================
Received Import Request.
  Time since last request: 29.020217 seconds.
  path: Assets/Assets descargados/Cartoon_Texture_Pack/ROCKS/ROCKS_Volcanic/Textures/Rock_Volcanic_C_Normal.png
  artifactKey: Guid(deca3a760cbc7544a905fd00cdef71e9) Importer(815301076,1909f56bfc062723c751e8b465ee728b)
Start importing Assets/Assets descargados/Cartoon_Texture_Pack/ROCKS/ROCKS_Volcanic/Textures/Rock_Volcanic_C_Normal.png using Guid(deca3a760cbc7544a905fd00cdef71e9) Importer(815301076,1909f56bfc062723c751e8b465ee728b)  -> (artifact id: 'cecba68574b5d8452f0d5980f6e8f668') in 0.165860 seconds 
  Import took 0.172283 seconds .

========================================================================
Received Import Request.
  Time since last request: 0.005664 seconds.
  path: Assets/Assets descargados/Cartoon_Texture_Pack/ROCKS/ROCKS_Volcanic/Textures/Rock_Volcanic_C_Normal.png
  artifactKey: Guid(deca3a760cbc7544a905fd00cdef71e9) Importer(815301076,1909f56bfc062723c751e8b465ee728b)
Start importing Assets/Assets descargados/Cartoon_Texture_Pack/ROCKS/ROCKS_Volcanic/Textures/Rock_Volcanic_C_Normal.png using Guid(deca3a760cbc7544a905fd00cdef71e9) Importer(815301076,1909f56bfc062723c751e8b465ee728b)  -> (artifact id: 'cecba68574b5d8452f0d5980f6e8f668') in 0.043787 seconds 
  Import took 0.049277 seconds .

========================================================================
Received Import Request.
  Time since last request: 121.971664 seconds.
  path: Assets/Assets descargados/Cartoon_Texture_Pack/SAND/SAND_Beach/Textures/Sand_Beach_Base_Basecolor.png
  artifactKey: Guid(5c38e2edb8ae412468d3186b2e38caf1) Importer(815301076,1909f56bfc062723c751e8b465ee728b)
Start importing Assets/Assets descargados/Cartoon_Texture_Pack/SAND/SAND_Beach/Textures/Sand_Beach_Base_Basecolor.png using Guid(5c38e2edb8ae412468d3186b2e38caf1) Importer(815301076,1909f56bfc062723c751e8b465ee728b)  -> (artifact id: '170448993ecef906e304881008724ae1') in 0.097093 seconds 
  Import took 0.103090 seconds .

========================================================================
Received Import Request.
  Time since last request: 0.010993 seconds.
  path: Assets/Assets descargados/Cartoon_Texture_Pack/SAND/SAND_Beach/Textures/Sand_Beach_Base_Basecolor.png
  artifactKey: Guid(5c38e2edb8ae412468d3186b2e38caf1) Importer(815301076,1909f56bfc062723c751e8b465ee728b)
Start importing Assets/Assets descargados/Cartoon_Texture_Pack/SAND/SAND_Beach/Textures/Sand_Beach_Base_Basecolor.png using Guid(5c38e2edb8ae412468d3186b2e38caf1) Importer(815301076,1909f56bfc062723c751e8b465ee728b)  -> (artifact id: '170448993ecef906e304881008724ae1') in 0.050573 seconds 
  Import took 0.057089 seconds .

========================================================================
Received Import Request.
  Time since last request: 13.683461 seconds.
  path: Assets/Assets descargados/Cartoon_Texture_Pack/SAND/SAND_Beach/Textures/Sand_Beach_Base_Normal.png
  artifactKey: Guid(32e75137122e86e419af0c829889e58c) Importer(815301076,1909f56bfc062723c751e8b465ee728b)
Start importing Assets/Assets descargados/Cartoon_Texture_Pack/SAND/SAND_Beach/Textures/Sand_Beach_Base_Normal.png using Guid(32e75137122e86e419af0c829889e58c) Importer(815301076,1909f56bfc062723c751e8b465ee728b)  -> (artifact id: '8e37ef1811290e62c0338c71a0281c8c') in 0.078693 seconds 
  Import took 0.088666 seconds .

========================================================================
Received Import Request.
  Time since last request: 0.002612 seconds.
  path: Assets/Assets descargados/Cartoon_Texture_Pack/SAND/SAND_Beach/Textures/Sand_Beach_Base_Normal.png
  artifactKey: Guid(32e75137122e86e419af0c829889e58c) Importer(815301076,1909f56bfc062723c751e8b465ee728b)
Start importing Assets/Assets descargados/Cartoon_Texture_Pack/SAND/SAND_Beach/Textures/Sand_Beach_Base_Normal.png using Guid(32e75137122e86e419af0c829889e58c) Importer(815301076,1909f56bfc062723c751e8b465ee728b)  -> (artifact id: '8e37ef1811290e62c0338c71a0281c8c') in 0.090521 seconds 
  Import took 0.097525 seconds .

========================================================================
Received Import Request.
  Time since last request: 678.134254 seconds.
  path: Assets/Assets descargados/Darth_Artisan
  artifactKey: Guid(1dda5fe30fd2a42bba9d51692a095c6b) Importer(815301076,1909f56bfc062723c751e8b465ee728b)
Start importing Assets/Assets descargados/Darth_Artisan using Guid(1dda5fe30fd2a42bba9d51692a095c6b) Importer(815301076,1909f56bfc062723c751e8b465ee728b)  -> (artifact id: '04aa973e1bf7d551dce1c0c93d9df918') in 0.024498 seconds 
  Import took 0.031897 seconds .

========================================================================
Received Import Request.
  Time since last request: 1.049259 seconds.
  path: Assets/Assets descargados/Darth_Artisan/Free_Trees
  artifactKey: Guid(b7aee0f11d1aa466daa952466d59cae8) Importer(815301076,1909f56bfc062723c751e8b465ee728b)
Start importing Assets/Assets descargados/Darth_Artisan/Free_Trees using Guid(b7aee0f11d1aa466daa952466d59cae8) Importer(815301076,1909f56bfc062723c751e8b465ee728b)  -> (artifact id: '8b3710d7fcc912709792febf86310cff') in 0.019440 seconds 
  Import took 0.027877 seconds .

========================================================================
Received Import Request.
  Time since last request: 0.001106 seconds.
  path: Assets/Assets descargados/Darth_Artisan/Free_Trees
  artifactKey: Guid(b7aee0f11d1aa466daa952466d59cae8) Importer(815301076,1909f56bfc062723c751e8b465ee728b)
Start importing Assets/Assets descargados/Darth_Artisan/Free_Trees using Guid(b7aee0f11d1aa466daa952466d59cae8) Importer(815301076,1909f56bfc062723c751e8b465ee728b)  -> (artifact id: '8b3710d7fcc912709792febf86310cff') in 0.006792 seconds 
  Import took 0.014029 seconds .

========================================================================
Received Import Request.
  Time since last request: 2.275796 seconds.
  path: Assets/Assets descargados/Darth_Artisan/Free_Trees/Prefabs
  artifactKey: Guid(2365d38fec1724d4199604c670e1f4a6) Importer(815301076,1909f56bfc062723c751e8b465ee728b)
Start importing Assets/Assets descargados/Darth_Artisan/Free_Trees/Prefabs using Guid(2365d38fec1724d4199604c670e1f4a6) Importer(815301076,1909f56bfc062723c751e8b465ee728b)  -> (artifact id: 'c891b17c57ac8fdf9573a46fe0fc06e8') in 0.022661 seconds 
  Import took 0.031310 seconds .

========================================================================
Received Import Request.
  Time since last request: 35.197959 seconds.
  path: Assets/Assets descargados/Darth_Artisan/Free_Trees/Prefabs/Fir_Tree.prefab
  artifactKey: Guid(19682540d8a014522a319b1cf788aee2) Importer(815301076,1909f56bfc062723c751e8b465ee728b)
Start importing Assets/Assets descargados/Darth_Artisan/Free_Trees/Prefabs/Fir_Tree.prefab using Guid(19682540d8a014522a319b1cf788aee2) Importer(815301076,1909f56bfc062723c751e8b465ee728b)  -> (artifact id: '83d88de0da81f9bd8463f0feef162478') in 0.334383 seconds 
  Import took 0.341984 seconds .

========================================================================
Received Import Request.
  Time since last request: 0.017498 seconds.
  path: Assets/Assets descargados/Darth_Artisan/Free_Trees/Prefabs/Fir_Tree.prefab
  artifactKey: Guid(19682540d8a014522a319b1cf788aee2) Importer(815301076,1909f56bfc062723c751e8b465ee728b)
Start importing Assets/Assets descargados/Darth_Artisan/Free_Trees/Prefabs/Fir_Tree.prefab using Guid(19682540d8a014522a319b1cf788aee2) Importer(815301076,1909f56bfc062723c751e8b465ee728b)  -> (artifact id: '83d88de0da81f9bd8463f0feef162478') in 0.034660 seconds 
  Import took 0.048083 seconds .

========================================================================
Received Import Request.
  Time since last request: 65.300577 seconds.
  path: Assets/Scenes/NewLayer 2.terrainlayer
  artifactKey: Guid(91518514938fb724a8226b53bbdde5bf) Importer(815301076,1909f56bfc062723c751e8b465ee728b)
Start importing Assets/Scenes/NewLayer 2.terrainlayer using Guid(91518514938fb724a8226b53bbdde5bf) Importer(815301076,1909f56bfc062723c751e8b465ee728b)  -> (artifact id: '6a87afd044ff9656ef99888bd4a63e04') in 0.087758 seconds 
  Import took 0.095134 seconds .

========================================================================
Received Import Request.
  Time since last request: 0.003088 seconds.
  path: Assets/Scenes/NewLayer 2.terrainlayer
  artifactKey: Guid(91518514938fb724a8226b53bbdde5bf) Importer(815301076,1909f56bfc062723c751e8b465ee728b)
Start importing Assets/Scenes/NewLayer 2.terrainlayer using Guid(91518514938fb724a8226b53bbdde5bf) Importer(815301076,1909f56bfc062723c751e8b465ee728b)  -> (artifact id: '6a87afd044ff9656ef99888bd4a63e04') in 0.060709 seconds 
  Import took 0.068404 seconds .

========================================================================
Received Import Request.
  Time since last request: 331.756000 seconds.
  path: Assets/Assets descargados/Darth_Artisan/Free_Trees/Prefabs/Fir_Tree.prefab
  artifactKey: Guid(19682540d8a014522a319b1cf788aee2) Importer(815301076,1909f56bfc062723c751e8b465ee728b)
Start importing Assets/Assets descargados/Darth_Artisan/Free_Trees/Prefabs/Fir_Tree.prefab using Guid(19682540d8a014522a319b1cf788aee2) Importer(815301076,1909f56bfc062723c751e8b465ee728b)  -> (artifact id: '26a1109844dae48f895ee080e893c8d9') in 0.067766 seconds 
  Import took 0.100801 seconds .

========================================================================
Received Import Request.
  Time since last request: 18.797075 seconds.
  path: Assets/Assets descargados/Darth_Artisan/Free_Trees/Prefabs/Palm_Tree.prefab
  artifactKey: Guid(c6b7fb383a3534b039692b5485b6e739) Importer(815301076,1909f56bfc062723c751e8b465ee728b)
Start importing Assets/Assets descargados/Darth_Artisan/Free_Trees/Prefabs/Palm_Tree.prefab using Guid(c6b7fb383a3534b039692b5485b6e739) Importer(815301076,1909f56bfc062723c751e8b465ee728b)  -> (artifact id: 'b7537c2c7abc27047b657c7ed1c031ef') in 0.060817 seconds 
  Import took 0.067997 seconds .

========================================================================
Received Import Request.
  Time since last request: 45.132063 seconds.
  path: Assets/Assets descargados/Darth_Artisan/Free_Trees/Prefabs/Fir_Tree.prefab
  artifactKey: Guid(19682540d8a014522a319b1cf788aee2) Importer(815301076,1909f56bfc062723c751e8b465ee728b)
Start importing Assets/Assets descargados/Darth_Artisan/Free_Trees/Prefabs/Fir_Tree.prefab using Guid(19682540d8a014522a319b1cf788aee2) Importer(815301076,1909f56bfc062723c751e8b465ee728b)  -> (artifact id: '9c56d01380b69e935fffde19da564d60') in 0.036370 seconds 
  Import took 0.040991 seconds .

========================================================================
Received Prepare
Registering precompiled user dll's ...
Registered in 0.020473 seconds.
Begin MonoManager ReloadAssembly
Native extension for WindowsStandalone target not found
Refreshing native plugins compatible for Editor in 0.73 ms, found 2 plugins.
Preloading 0 native plugins for Editor in 0.00 ms.
Mono: successfully reloaded assembly
- Completed reload, in  2.153 seconds
Platform modules already initialized, skipping
Refreshing native plugins compatible for Editor in 0.74 ms, found 2 plugins.
Preloading 0 native plugins for Editor in 0.00 ms.
Unloading 1387 Unused Serialized files (Serialized files now loaded: 0)
System memory in use before: 69.8 MB.
System memory in use after: 69.9 MB.

Unloading 14 unused Assets to reduce memory usage. Loaded Objects now: 1848.
Total: 4.010700 ms (FindLiveObjects: 0.327500 ms CreateObjectMapping: 0.074500 ms MarkObjects: 3.480400 ms  DeleteObjects: 0.125600 ms)

AssetImportParameters requested are different than current active one (requested -> active):
  custom:framework-win-MediaFoundation: 216162199b28c13a410421893ffa2e32 -> 
  custom:video-decoder-ogg-theora: a1e56fd34408186e4bbccfd4996cb3dc -> 
  custom:container-muxer-webm: aa71ff27fc2769a1b78a27578f13a17b -> 
  custom:container-demuxer-webm: 4f35f7cbe854078d1ac9338744f61a02 -> 
  custom:container-demuxer-ogg: 62fdf1f143b41e24485cea50d1cbac27 -> 
  custom:video-encoder-webm-vp8: eb34c28f22e8b96e1ab97ce403110664 -> 
  custom:video-codec-MediaFoundation-h265: 746d11721c4dcdbdad8f713fa42b33f4 -> 
  custom:video-decoder-webm-vp8: 9c59270c3fd7afecdb556c50c9e8de78 -> 
  custom:audio-decoder-ogg-vorbis: bf7c407c2cedff20999df2af8eb42d56 -> 
  custom:audio-encoder-webm-vorbis: bf7c407c2cedff20999df2af8eb42d56 -> 
========================================================================
Received Prepare
Registering precompiled user dll's ...
Registered in 0.015882 seconds.
Begin MonoManager ReloadAssembly
Native extension for WindowsStandalone target not found
Refreshing native plugins compatible for Editor in 0.73 ms, found 2 plugins.
Preloading 0 native plugins for Editor in 0.00 ms.
Mono: successfully reloaded assembly
- Completed reload, in  2.286 seconds
Platform modules already initialized, skipping
Refreshing native plugins compatible for Editor in 0.70 ms, found 2 plugins.
Preloading 0 native plugins for Editor in 0.00 ms.
Unloading 1387 Unused Serialized files (Serialized files now loaded: 0)
System memory in use before: 69.8 MB.
System memory in use after: 69.9 MB.

Unloading 14 unused Assets to reduce memory usage. Loaded Objects now: 1851.
Total: 3.958600 ms (FindLiveObjects: 0.365300 ms CreateObjectMapping: 0.082300 ms MarkObjects: 3.393400 ms  DeleteObjects: 0.115100 ms)

AssetImportParameters requested are different than current active one (requested -> active):
  custom:framework-win-MediaFoundation: 216162199b28c13a410421893ffa2e32 -> 
  custom:video-decoder-ogg-theora: a1e56fd34408186e4bbccfd4996cb3dc -> 
  custom:container-muxer-webm: aa71ff27fc2769a1b78a27578f13a17b -> 
  custom:container-demuxer-webm: 4f35f7cbe854078d1ac9338744f61a02 -> 
  custom:container-demuxer-ogg: 62fdf1f143b41e24485cea50d1cbac27 -> 
  custom:video-encoder-webm-vp8: eb34c28f22e8b96e1ab97ce403110664 -> 
  custom:video-codec-MediaFoundation-h265: 746d11721c4dcdbdad8f713fa42b33f4 -> 
  custom:video-decoder-webm-vp8: 9c59270c3fd7afecdb556c50c9e8de78 -> 
  custom:audio-decoder-ogg-vorbis: bf7c407c2cedff20999df2af8eb42d56 -> 
  custom:audio-encoder-webm-vorbis: bf7c407c2cedff20999df2af8eb42d56 -> 
